16:03:51.523  DEBUG org.testng.internal.Graph - [Graph] ADDING NODE TestBase.setUp()[pri:0, instance:null] 2045031788
16:03:51.528  DEBUG org.testng.internal.Graph - [Graph] ================ SORTING
16:03:51.532  DEBUG org.testng.internal.Graph - [Graph] =============== DONE SORTING
16:03:51.532  DEBUG org.testng.internal.Graph - [Graph] ====== SORTED NODES
16:03:51.532  DEBUG org.testng.internal.Graph - [Graph] ====== END SORTED NODES
16:03:51.533  DEBUG org.testng.internal.Graph - [Graph] ADDING NODE TestBase.tearDown()[pri:0, instance:null] -475375085
16:03:51.534  DEBUG org.testng.internal.Graph - [Graph] ================ SORTING
16:03:51.534  DEBUG org.testng.internal.Graph - [Graph] =============== DONE SORTING
16:03:51.534  DEBUG org.testng.internal.Graph - [Graph] ====== SORTED NODES
16:03:51.534  DEBUG org.testng.internal.Graph - [Graph] ====== END SORTED NODES
16:03:51.546  DEBUG org.testng.internal.Graph - [Graph] ADDING NODE AddNewCarTests.preCondition()[pri:0, instance:null] -263876288
16:03:51.548  DEBUG org.testng.internal.Graph - [Graph]   ADDING PREDECESSOR FOR AddNewCarTests.preCondition()[pri:0, instance:null] ==> TestBase.startLogger(java.lang.reflect.Method)[pri:0, instance:null]
16:03:51.549  DEBUG org.testng.internal.Graph - [Graph]   REMOVED TestBase.startLogger(java.lang.reflect.Method)[pri:0, instance:null] FROM INDEPENDENT OBJECTS
16:03:51.549  DEBUG org.testng.internal.Graph - [Graph] ADDING NODE TestBase.startLogger(java.lang.reflect.Method)[pri:0, instance:null] -68692127
16:03:51.550  DEBUG org.testng.internal.Graph - [Graph] ================ SORTING
16:03:51.550  DEBUG org.testng.internal.Graph - [Graph]   ADDING PREDECESSOR FOR AddNewCarTests.preCondition()[pri:0, instance:null] ==> TestBase.startLogger(java.lang.reflect.Method)[pri:0, instance:null]
16:03:51.553  DEBUG org.testng.internal.Graph - [Graph]   REMOVED PRED TestBase.startLogger(java.lang.reflect.Method)[pri:0, instance:null] FROM NODE AddNewCarTests.preCondition()[pri:0, instance:null]
16:03:51.553  DEBUG org.testng.internal.Graph - [Graph] =============== DONE SORTING
16:03:51.553  DEBUG org.testng.internal.Graph - [Graph] ====== SORTED NODES
16:03:51.553  DEBUG org.testng.internal.Graph - [Graph]               TestBase.startLogger(java.lang.reflect.Method)[pri:0, instance:null]
16:03:51.553  DEBUG org.testng.internal.Graph - [Graph]               AddNewCarTests.preCondition()[pri:0, instance:null]
16:03:51.553  DEBUG org.testng.internal.Graph - [Graph] ====== END SORTED NODES
16:03:51.557  DEBUG org.testng.internal.Graph - [Graph] ADDING NODE TestBase.setUp()[pri:0, instance:tests.AddNewCarTests@7abafc53] 1030550631
16:03:51.557  DEBUG org.testng.internal.Graph - [Graph] ================ SORTING
16:03:51.558  DEBUG org.testng.internal.Graph - [Graph] =============== DONE SORTING
16:03:51.558  DEBUG org.testng.internal.Graph - [Graph] ====== SORTED NODES
16:03:51.558  DEBUG org.testng.internal.Graph - [Graph] ====== END SORTED NODES
16:03:51.559  DEBUG org.testng.internal.Graph - [Graph] ADDING NODE AddNewCarTests.addNewCarSuccessCSV(models.Car)[pri:0, instance:tests.AddNewCarTests@7abafc53] 330256851
16:03:51.559  DEBUG org.testng.internal.Graph - [Graph] ADDING NODE AddNewCarTests.addNewCarSuccess()[pri:0, instance:tests.AddNewCarTests@7abafc53] 1145307709
16:03:51.559  DEBUG org.testng.internal.Graph - [Graph] ================ SORTING
16:03:51.560  DEBUG org.testng.internal.Graph - [Graph] =============== DONE SORTING
16:03:51.560  DEBUG org.testng.internal.Graph - [Graph] ====== SORTED NODES
16:03:51.560  DEBUG org.testng.internal.Graph - [Graph] ====== END SORTED NODES
16:03:51.561  DEBUG org.testng.internal.Graph - [Graph] ADDING NODE TestBase.tearDown()[pri:0, instance:tests.AddNewCarTests@7abafc53] 207348896
16:03:51.561  DEBUG org.testng.internal.Graph - [Graph] ================ SORTING
16:03:51.562  DEBUG org.testng.internal.Graph - [Graph] =============== DONE SORTING
16:03:51.562  DEBUG org.testng.internal.Graph - [Graph] ====== SORTED NODES
16:03:51.562  DEBUG org.testng.internal.Graph - [Graph] ====== END SORTED NODES
16:03:53.867  INFO  manager.ApplicationManager - All tests start in ChromeDriver
