16:39:03.056  INFO  manager.ApplicationManager - All tests start in ChromeDriver
16:39:03.060  INFO  manager.ApplicationManager - All tests start in 'ChromeDriver'
16:39:04.616  INFO  tests.TestBase - Start test --->public void tests.AddNewCarTests.addNewCarSuccess()
16:39:10.912  INFO  tests.TestBase - Test start with user -->  User{name='null', lastName='null', email='noa@gmail.com', password='Nnoa12345$', phone='null'}
16:39:10.914  INFO  tests.TestBase -  'Car Reg number' 100-2234750
16:39:10.917  INFO  tests.TestBase - Add car --->Car(address=Tel Aviv, Israel, make=BMW, model=M5, year=2022, engine=2.5, fuel=Petrol, gear=MT, wD=AWD, doors=5, seats=4, clasS=C, fuelConsumption=6.5, carRegNumber=100-22-34750, price=65, distanceIncluded=500, features=Type of features, about=Very good car)
16:39:15.640  INFO  tests.TestBase - Attach photo --> /Users/tayahatum/Qa32/Qa32_IlCarro/auto2.jpeg
16:39:18.632  INFO  tests.TestBase - Start test --->public void tests.LoginTests.loginSuccess()
16:39:18.821  INFO  tests.TestBase - Test needs logout
16:39:18.822  INFO  tests.TestBase - Start test LoginSuccess
16:39:18.822  INFO  tests.TestBase - The test starts with data [noa@gmail.com] & [Nnoa12345$]
16:39:18.922  INFO  tests.TestBase - opened form
16:39:19.237  INFO  tests.TestBase - fill form
16:39:20.387  INFO  tests.TestBase - Test passed
16:39:20.444  INFO  tests.TestBase - Start test --->public void tests.LoginTests.loginSuccessModel()
16:39:20.552  INFO  tests.TestBase - Test needs logout
16:39:22.218  INFO  tests.TestBase - Start test --->public void tests.LoginTests.loginSuccessNew()
16:39:22.351  INFO  tests.TestBase - Test needs logout
16:39:23.959  INFO  tests.TestBase - Start test --->public void tests.RegistrationTests.registrationSuccess()
16:39:26.124  INFO  tests.TestBase - Start test --->public void tests.RegistrationTests.registrationSuccessModel()
16:39:27.961  INFO  tests.TestBase - Start test --->public void tests.RegistrationTests.registrationWrongPasswordModel()
16:39:33.981  INFO  tests.TestBase - Start test --->public void tests.SearchTests.searchAnyPeriod()
16:39:42.574  INFO  tests.TestBase - Start test --->public void tests.SearchTests.searchCurrentMonth()
16:39:48.180  INFO  tests.TestBase - Start test --->public void tests.SearchTests.searchPeriodInPast()
